<?xml version="1.0" encoding="UTF-8"?>
<testng-results total="4" passed="4" failed="0" skipped="0">
  <reporter-output>
  </reporter-output>
  <suite started-at="2022-10-04T17:04:23Z" name="Default suite" finished-at="2022-10-04T17:04:56Z" duration-ms="32596">
    <groups>
    </groups>
    <test started-at="2022-10-04T17:04:23Z" name="Default test" finished-at="2022-10-04T17:04:56Z" duration-ms="32596">
      <class name="TestClasses.MovieInfoTest">
        <test-method is-config="true" signature="readData()[pri:0, instance:TestClasses.MovieInfoTest@7f485fda]" started-at="2022-10-04T22:34:23Z" name="readData" finished-at="2022-10-04T22:34:23Z" duration-ms="15" status="PASS">
          <reporter-output>
          </reporter-output>
        </test-method> <!-- readData -->
        <test-method signature="readData()[pri:0, instance:TestClasses.MovieInfoTest@7f485fda]" started-at="2022-10-04T22:34:23Z" name="readData" finished-at="2022-10-04T22:34:23Z" duration-ms="16" status="PASS">
          <reporter-output>
          </reporter-output>
        </test-method> <!-- readData -->
        <test-method signature="openWebPageAndFetchData()[pri:1, instance:TestClasses.MovieInfoTest@7f485fda]" started-at="2022-10-04T22:34:23Z" name="openWebPageAndFetchData" finished-at="2022-10-04T22:34:56Z" duration-ms="32514" status="PASS">
          <reporter-output>
          </reporter-output>
        </test-method> <!-- openWebPageAndFetchData -->
        <test-method signature="compareCountry()[pri:2, instance:TestClasses.MovieInfoTest@7f485fda]" started-at="2022-10-04T22:34:56Z" name="compareCountry" finished-at="2022-10-04T22:34:56Z" duration-ms="5" status="PASS">
          <reporter-output>
          </reporter-output>
        </test-method> <!-- compareCountry -->
        <test-method signature="compareReleaseDate()[pri:2, instance:TestClasses.MovieInfoTest@7f485fda]" started-at="2022-10-04T22:34:56Z" name="compareReleaseDate" finished-at="2022-10-04T22:34:56Z" duration-ms="2" status="PASS">
          <reporter-output>
          </reporter-output>
        </test-method> <!-- compareReleaseDate -->
      </class> <!-- TestClasses.MovieInfoTest -->
    </test> <!-- Default test -->
  </suite> <!-- Default suite -->
</testng-results>
